2005.09.27 15:43 B C:\Documents and Settings\Melissa Kuo\My Documents\FACULTY GRANTS\washington\site2\images\thumbnails\ezra1.jpg --> copia.library.cornell.edu /library_www/www_home/wwwdoc/mhk33/washington/images/thumbnails ezra1.jpg
2005.09.27 15:43 B C:\Documents and Settings\Melissa Kuo\My Documents\FACULTY GRANTS\washington\site2\images\thumbnails\ezra2.jpg --> copia.library.cornell.edu /library_www/www_home/wwwdoc/mhk33/washington/images/thumbnails ezra2.jpg
2005.09.27 15:43 B C:\Documents and Settings\Melissa Kuo\My Documents\FACULTY GRANTS\washington\site2\images\thumbnails\gsh.jpg --> copia.library.cornell.edu /library_www/www_home/wwwdoc/mhk33/washington/images/thumbnails gsh.jpg
2005.09.27 15:43 B C:\Documents and Settings\Melissa Kuo\My Documents\FACULTY GRANTS\washington\site2\images\thumbnails\Thumbs.db --> copia.library.cornell.edu /library_www/www_home/wwwdoc/mhk33/washington/images/thumbnails Thumbs.db
2005.09.28 11:48 B C:\Documents and Settings\Melissa Kuo\My Documents\FACULTY GRANTS\bathrick\site2\images\thumbnails\Thumbs.db --> copia.library.cornell.edu /library_www/www_home/wwwdoc/mhk33/bathrick/images/thumbnails Thumbs.db
2005.09.28 11:48 B C:\Documents and Settings\Melissa Kuo\My Documents\FACULTY GRANTS\bathrick\site2\images\thumbnails\WS_FTP.LOG --> copia.library.cornell.edu /library_www/www_home/wwwdoc/mhk33/bathrick/images/thumbnails WS_FTP.LOG
2006.03.14 13:09 B C:\Documents and Settings\Melissa Kuo\My Documents\FACULTY GRANTS\bathrick\site3\images\thumbnails\Thumbs.db --> arts-lib.library.cornell.edu /htdocs/muller-kluge/images/thumbnails Thumbs.db
2006.03.14 13:09 B C:\Documents and Settings\Melissa Kuo\My Documents\FACULTY GRANTS\bathrick\site3\images\thumbnails\video1.jpg --> arts-lib.library.cornell.edu /htdocs/muller-kluge/images/thumbnails video1.jpg
2006.03.14 13:09 B C:\Documents and Settings\Melissa Kuo\My Documents\FACULTY GRANTS\bathrick\site3\images\thumbnails\video2.jpg --> arts-lib.library.cornell.edu /htdocs/muller-kluge/images/thumbnails video2.jpg
2006.03.14 13:09 B C:\Documents and Settings\Melissa Kuo\My Documents\FACULTY GRANTS\bathrick\site3\images\thumbnails\WS_FTP.LOG --> arts-lib.library.cornell.edu /htdocs/muller-kluge/images/thumbnails WS_FTP.LOG
2006.04.03 10:52 B C:\Documents and Settings\Melissa Kuo\My Documents\FACULTY GRANTS\bathrick\site3\images\thumbnails\thumb_antioper.jpg --> arts-lib.library.cornell.edu /arts-lib/sites/muller-kluge.library.cornell.edu/htdocs/images/thumbnails thumb_antioper.jpg
2006.04.03 10:52 B C:\Documents and Settings\Melissa Kuo\My Documents\FACULTY GRANTS\bathrick\site3\images\thumbnails\thumb_dichter.jpg --> arts-lib.library.cornell.edu /arts-lib/sites/muller-kluge.library.cornell.edu/htdocs/images/thumbnails thumb_dichter.jpg
2006.04.03 10:52 B C:\Documents and Settings\Melissa Kuo\My Documents\FACULTY GRANTS\bathrick\site3\images\thumbnails\thumb_geist.jpg --> arts-lib.library.cornell.edu /arts-lib/sites/muller-kluge.library.cornell.edu/htdocs/images/thumbnails thumb_geist.jpg
2006.04.03 10:52 B C:\Documents and Settings\Melissa Kuo\My Documents\FACULTY GRANTS\bathrick\site3\images\thumbnails\thumb_herz.jpg --> arts-lib.library.cornell.edu /arts-lib/sites/muller-kluge.library.cornell.edu/htdocs/images/thumbnails thumb_herz.jpg
2006.04.03 10:52 B C:\Documents and Settings\Melissa Kuo\My Documents\FACULTY GRANTS\bathrick\site3\images\thumbnails\thumb_mohikaner.jpg --> arts-lib.library.cornell.edu /arts-lib/sites/muller-kluge.library.cornell.edu/htdocs/images/thumbnails thumb_mohikaner.jpg
2006.04.03 10:52 B C:\Documents and Settings\Melissa Kuo\My Documents\FACULTY GRANTS\bathrick\site3\images\thumbnails\thumb_seneca.jpg --> arts-lib.library.cornell.edu /arts-lib/sites/muller-kluge.library.cornell.edu/htdocs/images/thumbnails thumb_seneca.jpg
2006.04.03 10:52 B C:\Documents and Settings\Melissa Kuo\My Documents\FACULTY GRANTS\bathrick\site3\images\thumbnails\thumb_theater.jpg --> arts-lib.library.cornell.edu /arts-lib/sites/muller-kluge.library.cornell.edu/htdocs/images/thumbnails thumb_theater.jpg
2006.04.03 10:54 B C:\Documents and Settings\Melissa Kuo\My Documents\FACULTY GRANTS\bathrick\site3\images\thumbnails\thumb.jpg --> arts-lib.library.cornell.edu /arts-lib/sites/muller-kluge.library.cornell.edu/htdocs/images/thumbnails thumb.jpg
2006.05.16 16:19 B C:\Documents and Settings\Melissa Kuo\My Documents\FACULTY GRANTS\bathrick\site4\images\thumbnails\thumb.jpg --> arts-lib.library.cornell.edu /arts-lib/sites/muller-kluge.library.cornell.edu/htdocs/images/thumbnails thumb.jpg
2006.05.16 16:19 B C:\Documents and Settings\Melissa Kuo\My Documents\FACULTY GRANTS\bathrick\site4\images\thumbnails\thumb_antioper.jpg --> arts-lib.library.cornell.edu /arts-lib/sites/muller-kluge.library.cornell.edu/htdocs/images/thumbnails thumb_antioper.jpg
2006.05.16 16:19 B C:\Documents and Settings\Melissa Kuo\My Documents\FACULTY GRANTS\bathrick\site4\images\thumbnails\thumb_dichter.jpg --> arts-lib.library.cornell.edu /arts-lib/sites/muller-kluge.library.cornell.edu/htdocs/images/thumbnails thumb_dichter.jpg
2006.05.16 16:19 B C:\Documents and Settings\Melissa Kuo\My Documents\FACULTY GRANTS\bathrick\site4\images\thumbnails\thumb_friedrich.jpg --> arts-lib.library.cornell.edu /arts-lib/sites/muller-kluge.library.cornell.edu/htdocs/images/thumbnails thumb_friedrich.jpg
2006.05.16 16:19 B C:\Documents and Settings\Melissa Kuo\My Documents\FACULTY GRANTS\bathrick\site4\images\thumbnails\thumb_geist.jpg --> arts-lib.library.cornell.edu /arts-lib/sites/muller-kluge.library.cornell.edu/htdocs/images/thumbnails thumb_geist.jpg
2006.05.16 16:19 B C:\Documents and Settings\Melissa Kuo\My Documents\FACULTY GRANTS\bathrick\site4\images\thumbnails\thumb_gesprach.jpg --> arts-lib.library.cornell.edu /arts-lib/sites/muller-kluge.library.cornell.edu/htdocs/images/thumbnails thumb_gesprach.jpg
2006.05.16 16:19 B C:\Documents and Settings\Melissa Kuo\My Documents\FACULTY GRANTS\bathrick\site4\images\thumbnails\thumb_herz.jpg --> arts-lib.library.cornell.edu /arts-lib/sites/muller-kluge.library.cornell.edu/htdocs/images/thumbnails thumb_herz.jpg
2006.05.16 16:19 B C:\Documents and Settings\Melissa Kuo\My Documents\FACULTY GRANTS\bathrick\site4\images\thumbnails\thumb_mohikaner.jpg --> arts-lib.library.cornell.edu /arts-lib/sites/muller-kluge.library.cornell.edu/htdocs/images/thumbnails thumb_mohikaner.jpg
2006.05.16 16:19 B C:\Documents and Settings\Melissa Kuo\My Documents\FACULTY GRANTS\bathrick\site4\images\thumbnails\thumb_seneca.jpg --> arts-lib.library.cornell.edu /arts-lib/sites/muller-kluge.library.cornell.edu/htdocs/images/thumbnails thumb_seneca.jpg
2006.05.16 16:19 B C:\Documents and Settings\Melissa Kuo\My Documents\FACULTY GRANTS\bathrick\site4\images\thumbnails\thumb_stimme.jpg --> arts-lib.library.cornell.edu /arts-lib/sites/muller-kluge.library.cornell.edu/htdocs/images/thumbnails thumb_stimme.jpg
2006.05.16 16:19 B C:\Documents and Settings\Melissa Kuo\My Documents\FACULTY GRANTS\bathrick\site4\images\thumbnails\thumb_theater.jpg --> arts-lib.library.cornell.edu /arts-lib/sites/muller-kluge.library.cornell.edu/htdocs/images/thumbnails thumb_theater.jpg
2006.05.16 16:19 B C:\Documents and Settings\Melissa Kuo\My Documents\FACULTY GRANTS\bathrick\site4\images\thumbnails\thumb_welt.jpg --> arts-lib.library.cornell.edu /arts-lib/sites/muller-kluge.library.cornell.edu/htdocs/images/thumbnails thumb_welt.jpg
2006.05.16 16:19 B C:\Documents and Settings\Melissa Kuo\My Documents\FACULTY GRANTS\bathrick\site4\images\thumbnails\thumb_zeitenflug.jpg --> arts-lib.library.cornell.edu /arts-lib/sites/muller-kluge.library.cornell.edu/htdocs/images/thumbnails thumb_zeitenflug.jpg
2006.05.16 16:19 B C:\Documents and Settings\Melissa Kuo\My Documents\FACULTY GRANTS\bathrick\site4\images\thumbnails\Thumbs.db --> arts-lib.library.cornell.edu /arts-lib/sites/muller-kluge.library.cornell.edu/htdocs/images/thumbnails Thumbs.db
2006.05.16 16:19 B C:\Documents and Settings\Melissa Kuo\My Documents\FACULTY GRANTS\bathrick\site4\images\thumbnails\video2.jpg --> arts-lib.library.cornell.edu /arts-lib/sites/muller-kluge.library.cornell.edu/htdocs/images/thumbnails video2.jpg
